2025-12-13 18:37:45, MOVE, v:1, k:poo@pagamento, mode:PICK
2025-12-13 18:37:46, EXEC, v:1, k:poo@pagamento, mode:LOCK, rate:0
2025-12-13 18:37:47, MOVE, v:1, k:poo@pagamento, mode:BACK
2025-12-13 18:38:52, MOVE, v:1, k:poo@pagamento, mode:PICK
2025-12-13 18:38:53, EXEC, v:1, k:poo@pagamento, mode:LOCK, rate:0
2025-12-13 23:35:47, MOVE, v:1, k:poo@pagamento, mode:PICK
2025-12-13 23:35:48, EXEC, v:1, k:poo@pagamento, mode:LOCK, rate:0, size:59
2025-12-13 23:45:16, EXEC, v:1, k:poo@pagamento, mode:LOCK, rate:0, size:72
2025-12-13 23:45:16, EXEC, v:1, k:poo@pagamento, mode:LOCK, rate:0
2025-12-13 23:45:17, EXEC, v:1, k:poo@pagamento, mode:LOCK, rate:0
2025-12-13 23:45:18, EXEC, v:1, k:poo@pagamento, mode:LOCK, rate:0
2025-12-13 23:45:18, EXEC, v:1, k:poo@pagamento, mode:LOCK, rate:0
2025-12-13 23:45:35, EXEC, v:1, k:poo@pagamento, mode:LOCK, rate:0
2025-12-13 23:45:36, MOVE, v:1, k:poo@pagamento, mode:BACK
2025-12-13 23:45:49, MOVE, v:1, k:poo@estacionamento, mode:PICK
2025-12-13 23:45:50, EXEC, v:1, k:poo@estacionamento, mode:FULL, rate:0, size:0
2025-12-13 23:46:30, EXEC, v:1, k:poo@estacionamento, mode:FULL, rate:0
2025-12-13 23:46:31, EXEC, v:1, k:poo@estacionamento, mode:FULL, rate:0
2025-12-13 23:46:37, MOVE, v:1, k:poo@estacionamento, mode:BACK
2025-12-13 23:46:39, MOVE, v:1, k:poo@estacionamento, mode:PICK
2025-12-13 23:46:40, EXEC, v:1, k:poo@estacionamento, mode:FULL, rate:0
